
Showing logs for build [32mcb-kubecd-environment-pr-230-15-lh6r9-1[0m stage [32mfrom-build-pack[0m and container [32mstep-credential-initializer-j2k2q[0m
{"level":"info","ts":1590246793.5928843,"logger":"fallback-logger","caller":"logging/config.go:69","msg":"Fetch GitHub commit ID from kodata failed: open /var/run/ko/refs/heads/0.8.0-ns-support: no such file or directory"}
{"level":"info","ts":1590246793.5931284,"logger":"fallback-logger","caller":"creds-init/main.go:40","msg":"Credentials initialized."}

Showing logs for build [32mcb-kubecd-environment-pr-230-15-lh6r9-1[0m stage [32mfrom-build-pack[0m and container [32mstep-working-dir-initializer-k9vkt[0m
{"level":"info","ts":1590246794.0687456,"logger":"fallback-logger","caller":"logging/config.go:69","msg":"Fetch GitHub commit ID from kodata failed: open /var/run/ko/HEAD: no such file or directory"}
{"level":"info","ts":1590246794.0695128,"logger":"fallback-logger","caller":"bash/main.go:64","msg":"Successfully executed command \"sh -c mkdir -p /workspace/source\"; output "}

Showing logs for build [32mcb-kubecd-environment-pr-230-15-lh6r9-1[0m stage [32mfrom-build-pack[0m and container [32mstep-place-tools[0m

Showing logs for build [32mcb-kubecd-environment-pr-230-15-lh6r9-1[0m stage [32mfrom-build-pack[0m and container [32mstep-git-source-cb-kubecd-environment-pr-230-15-lh6r9-96g5f[0m
{"level":"info","ts":1590246797.1014876,"logger":"fallback-logger","caller":"logging/config.go:69","msg":"Fetch GitHub commit ID from kodata failed: open /var/run/ko/refs/heads/0.8.0-ns-support: no such file or directory"}
{"level":"info","ts":1590246797.316252,"logger":"fallback-logger","caller":"git/git.go:103","msg":"Successfully cloned https://github.com/cb-kubecd/environment-pr-230-15-boot-eks-production.git @ master in path /workspace/source"}

Showing logs for build [32mcb-kubecd-environment-pr-230-15-lh6r9-1[0m stage [32mfrom-build-pack[0m and container [32mstep-git-merge[0m
Using SHAs from PULL_REFS=master:3eee1eb72422a560c8a369fdfe9e21bea1359e11,1:c6860fe0105b8b1ea8649b64a62b5146f99b3c9c
DEBUG: LC_ALL=C JX_LOG_LEVEL=error git fetch origin --unshallow c6860fe0105b8b1ea8649b64a62b5146f99b3c9c: 3eee1eb72422a560c8a369fdfe9e21bea1359e11:
DEBUG: ran git fetch --unshallow origin c6860fe0105b8b1ea8649b64a62b5146f99b3c9c: 3eee1eb72422a560c8a369fdfe9e21bea1359e11: in 
DEBUG: LC_ALL=C JX_LOG_LEVEL=error git branch
DEBUG: LC_ALL=C JX_LOG_LEVEL=error git checkout master
DEBUG: ran git checkout master in 
DEBUG: JX_LOG_LEVEL=error LC_ALL=C git reset --hard 3eee1eb72422a560c8a369fdfe9e21bea1359e11
DEBUG: ran git reset --hard 3eee1eb72422a560c8a369fdfe9e21bea1359e11 in 
DEBUG: LC_ALL=C JX_LOG_LEVEL=error git clean -fd .
DEBUG: ran clean --force -d . in 
DEBUG: JX_LOG_LEVEL=error LC_ALL=C git merge c6860fe0105b8b1ea8649b64a62b5146f99b3c9c
DEBUG: ran git merge c6860fe0105b8b1ea8649b64a62b5146f99b3c9c in 
DEBUG: LC_ALL=C JX_LOG_LEVEL=error git log --format=%H%x1f%an%x1f%ae%x1f%cn%x1f%ce%x1f%s%n%b%x1e 3eee1eb72422a560c8a369fdfe9e21bea1359e11..HEAD
Merged SHA c6860fe0105b8b1ea8649b64a62b5146f99b3c9c with commit message 'chore: Promote bdd-spring-1590245117 to version 0.0.1' into base branch master

Showing logs for build [32mcb-kubecd-environment-pr-230-15-lh6r9-1[0m stage [32mfrom-build-pack[0m and container [32mstep-build-helm-build[0m
WARNING: No $CHART_REPOSITORY defined so using the default value of: http://jenkins-x-chartmuseum:8080
Adding missing Helm repo: storage.googleapis.com https://storage.googleapis.com/chartmuseum.jenkins-x.io
WARNING: No secrets found on "helm/repos" due: reading the secret "helm/repos" from vault: no secret "helm/repos" not found in vault
Read credentials for https://storage.googleapis.com/chartmuseum.jenkins-x.io from vault helm/repos
Successfully added Helm repository storage.googleapis.com.
Adding missing Helm repo: jenkins-x-chartmuseum http://jenkins-x-chartmuseum:8080
WARNING: No secrets found on "helm/repos" due: reading the secret "helm/repos" from vault: no secret "helm/repos" not found in vault
Read credentials for http://jenkins-x-chartmuseum:8080 from vault helm/repos
Successfully added Helm repository jenkins-x-chartmuseum.
WARNING: No $CHART_REPOSITORY defined so using the default value of: http://jenkins-x-chartmuseum:8080
Adding missing Helm repo: chartmuseum.jenkins-x.io http://chartmuseum.jenkins-x.io
WARNING: No secrets found on "helm/repos" due: reading the secret "helm/repos" from vault: no secret "helm/repos" not found in vault
Read credentials for http://chartmuseum.jenkins-x.io from vault helm/repos
Successfully added Helm repository chartmuseum.jenkins-x.io.
